2024-08-22 22:58:29,439 - DEBUG - Skipping Selenium Manager; path to chrome driver specified in Service class: C:/Users/sarve/OneDrive/Desktop/WORK/selenium/chromedriver-win64/chromedriver-win64/chromedriver.exe
2024-08-22 22:58:29,538 - DEBUG - Started executable: `C:/Users/sarve/OneDrive/Desktop/WORK/selenium/chromedriver-win64/chromedriver-win64/chromedriver.exe` in a child process with pid: 5408 using 0 to output -3
2024-08-22 22:58:30,049 - DEBUG - POST http://localhost:64233/session {'capabilities': {'firstMatch': [{}], 'alwaysMatch': {'browserName': 'chrome', 'pageLoadStrategy': <PageLoadStrategy.normal: 'normal'>, 'goog:chromeOptions': {'extensions': [], 'args': []}}}}
2024-08-22 22:58:30,050 - DEBUG - Starting new HTTP connection (1): localhost:64233
2024-08-22 22:58:30,881 - DEBUG - http://localhost:64233 "POST /session HTTP/11" 200 0
2024-08-22 22:58:30,882 - DEBUG - Remote response: status=200 | data={"value":{"capabilities":{"acceptInsecureCerts":false,"browserName":"chrome","browserVersion":"128.0.6613.85","chrome":{"chromedriverVersion":"128.0.6613.84 (606aa55c7d687518d34b55accc5a71ea0bd28727-refs/branch-heads/6613@{#1335})","userDataDir":"C:\\Users\\sarve\\AppData\\Local\\Temp\\scoped_dir5408_1280097935"},"fedcm:accounts":true,"goog:chromeOptions":{"debuggerAddress":"localhost:64236"},"networkConnectionEnabled":false,"pageLoadStrategy":"normal","platformName":"windows","proxy":{},"setWindowRect":true,"strictFileInteractability":false,"timeouts":{"implicit":0,"pageLoad":300000,"script":30000},"unhandledPromptBehavior":"dismiss and notify","webauthn:extension:credBlob":true,"webauthn:extension:largeBlob":true,"webauthn:extension:minPinLength":true,"webauthn:extension:prf":true,"webauthn:virtualAuthenticators":true},"sessionId":"da2cf8c675c36053c6f6d8b5d49a8c83"}} | headers=HTTPHeaderDict({'Content-Length': '881', 'Content-Type': 'application/json; charset=utf-8', 'cache-control': 'no-cache'})
2024-08-22 22:58:30,882 - DEBUG - Finished Request
2024-08-22 23:06:07,941 - DEBUG - Skipping Selenium Manager; path to chrome driver specified in Service class: C:\Users\sarve\OneDrive\Desktop\WORK\selenium\chromedriver-win64\chromedriver-win64\chromedriver.exe
2024-08-22 23:06:08,058 - DEBUG - Started executable: `C:\Users\sarve\OneDrive\Desktop\WORK\selenium\chromedriver-win64\chromedriver-win64\chromedriver.exe` in a child process with pid: 16624 using 0 to output -3
2024-08-22 23:06:08,563 - DEBUG - POST http://localhost:64382/session {'capabilities': {'firstMatch': [{}], 'alwaysMatch': {'browserName': 'chrome', 'pageLoadStrategy': <PageLoadStrategy.normal: 'normal'>, 'goog:chromeOptions': {'extensions': [], 'args': []}}}}
2024-08-22 23:06:08,564 - DEBUG - Starting new HTTP connection (1): localhost:64382
2024-08-22 23:06:09,425 - DEBUG - http://localhost:64382 "POST /session HTTP/11" 200 0
2024-08-22 23:06:09,426 - DEBUG - Remote response: status=200 | data={"value":{"capabilities":{"acceptInsecureCerts":false,"browserName":"chrome","browserVersion":"128.0.6613.85","chrome":{"chromedriverVersion":"128.0.6613.84 (606aa55c7d687518d34b55accc5a71ea0bd28727-refs/branch-heads/6613@{#1335})","userDataDir":"C:\\Users\\sarve\\AppData\\Local\\Temp\\scoped_dir16624_361663560"},"fedcm:accounts":true,"goog:chromeOptions":{"debuggerAddress":"localhost:64385"},"networkConnectionEnabled":false,"pageLoadStrategy":"normal","platformName":"windows","proxy":{},"setWindowRect":true,"strictFileInteractability":false,"timeouts":{"implicit":0,"pageLoad":300000,"script":30000},"unhandledPromptBehavior":"dismiss and notify","webauthn:extension:credBlob":true,"webauthn:extension:largeBlob":true,"webauthn:extension:minPinLength":true,"webauthn:extension:prf":true,"webauthn:virtualAuthenticators":true},"sessionId":"390c7769135637711a64340c8a9af3a5"}} | headers=HTTPHeaderDict({'Content-Length': '881', 'Content-Type': 'application/json; charset=utf-8', 'cache-control': 'no-cache'})
2024-08-22 23:06:09,426 - DEBUG - Finished Request
2024-08-22 23:17:57,678 - DEBUG - Skipping Selenium Manager; path to chrome driver specified in Service class: C:\Users\sarve\OneDrive\Desktop\WORK\selenium\chromedriver-win64\chromedriver-win64\chromedriver.exe
2024-08-22 23:17:57,779 - DEBUG - Started executable: `C:\Users\sarve\OneDrive\Desktop\WORK\selenium\chromedriver-win64\chromedriver-win64\chromedriver.exe` in a child process with pid: 14400 using 0 to output -3
2024-08-22 23:17:58,289 - DEBUG - POST http://localhost:64604/session {'capabilities': {'firstMatch': [{}], 'alwaysMatch': {'browserName': 'chrome', 'pageLoadStrategy': <PageLoadStrategy.normal: 'normal'>, 'goog:chromeOptions': {'extensions': [], 'args': []}}}}
2024-08-22 23:17:58,290 - DEBUG - Starting new HTTP connection (1): localhost:64604
2024-08-22 23:17:59,055 - DEBUG - http://localhost:64604 "POST /session HTTP/11" 200 0
2024-08-22 23:17:59,055 - DEBUG - Remote response: status=200 | data={"value":{"capabilities":{"acceptInsecureCerts":false,"browserName":"chrome","browserVersion":"128.0.6613.85","chrome":{"chromedriverVersion":"128.0.6613.84 (606aa55c7d687518d34b55accc5a71ea0bd28727-refs/branch-heads/6613@{#1335})","userDataDir":"C:\\Users\\sarve\\AppData\\Local\\Temp\\scoped_dir14400_1096934203"},"fedcm:accounts":true,"goog:chromeOptions":{"debuggerAddress":"localhost:64607"},"networkConnectionEnabled":false,"pageLoadStrategy":"normal","platformName":"windows","proxy":{},"setWindowRect":true,"strictFileInteractability":false,"timeouts":{"implicit":0,"pageLoad":300000,"script":30000},"unhandledPromptBehavior":"dismiss and notify","webauthn:extension:credBlob":true,"webauthn:extension:largeBlob":true,"webauthn:extension:minPinLength":true,"webauthn:extension:prf":true,"webauthn:virtualAuthenticators":true},"sessionId":"8935e90eecc7a663ceb06c9d88cf3075"}} | headers=HTTPHeaderDict({'Content-Length': '882', 'Content-Type': 'application/json; charset=utf-8', 'cache-control': 'no-cache'})
2024-08-22 23:17:59,056 - DEBUG - Finished Request
2024-08-22 23:18:39,306 - DEBUG - Skipping Selenium Manager; path to chrome driver specified in Service class: selenium\chromedriver-win64
